<?xml version="1.0" encoding="UTF-8"?>
<testng-results skipped="0" failed="0" total="1" passed="1">
  <reporter-output>
  </reporter-output>
  <suite name="Default suite" duration-ms="45" started-at="2018-07-08T15:56:13Z" finished-at="2018-07-08T15:56:13Z">
    <groups>
    </groups>
    <test name="Default test" duration-ms="45" started-at="2018-07-08T15:56:13Z" finished-at="2018-07-08T15:56:13Z">
      <class name="TestPackage.NewTest">
        <test-method status="PASS" signature="beforeMethod()[pri:0, instance:TestPackage.NewTest@643b1d11]" name="beforeMethod" is-config="true" duration-ms="11" started-at="2018-07-08T21:26:13Z" finished-at="2018-07-08T21:26:13Z">
          <reporter-output>
          </reporter-output>
        </test-method> <!-- beforeMethod -->
        <test-method status="PASS" signature="f()[pri:0, instance:TestPackage.NewTest@643b1d11]" name="f" duration-ms="7" started-at="2018-07-08T21:26:13Z" finished-at="2018-07-08T21:26:13Z">
          <reporter-output>
          </reporter-output>
        </test-method> <!-- f -->
        <test-method status="PASS" signature="afterMethod()[pri:0, instance:TestPackage.NewTest@643b1d11]" name="afterMethod" is-config="true" duration-ms="0" started-at="2018-07-08T21:26:13Z" finished-at="2018-07-08T21:26:13Z">
          <reporter-output>
          </reporter-output>
        </test-method> <!-- afterMethod -->
      </class> <!-- TestPackage.NewTest -->
    </test> <!-- Default test -->
  </suite> <!-- Default suite -->
</testng-results>
